# JRE version: Java(TM) SE Runtime Environment (7.0_51-b13) (build 1.7.0_51-b13)
# Java VM: Java HotSpot(TM) Client VM (24.51-b03 mixed mode, sharing windows-x86 )
Heap
 def new generation   total 75136K, used 688K [0x23a40000, 0x28bc0000, 0x28f90000)
  eden space 66816K,   1% used [0x23a40000, 0x23aec2b8, 0x27b80000)
  from space 8320K,   0% used [0x27b80000, 0x27b80000, 0x283a0000)
  to   space 8320K,   0% used [0x283a0000, 0x283a0000, 0x28bc0000)
 tenured generation   total 166672K, used 100003K [0x28f90000, 0x33254000, 0x33a40000)
   the space 166672K,  59% used [0x28f90000, 0x2f138c90, 0x2f138e00, 0x33254000)
 compacting perm gen  total 12288K, used 2023K [0x33a40000, 0x34640000, 0x37a40000)
   the space 12288K,  16% used [0x33a40000, 0x33c39ec0, 0x33c3a000, 0x34640000)
    ro space 10240K,  44% used [0x37a40000, 0x37eb7e30, 0x37eb8000, 0x38440000)
    rw space 12288K,  52% used [0x38440000, 0x38a8eb58, 0x38a8ec00, 0x39040000)
GC Heap History (10 events):
Event: 3.479 GC heap before
{Heap before GC invocations=13 (full 3):
 def new generation   total 31616K, used 26255K [0x23a40000, 0x25c80000, 0x28f90000)
  eden space 28160K,  93% used [0x23a40000, 0x253e3c30, 0x255c0000)
  from space 3456K,   0% used [0x255c0000, 0x255c0000, 0x25920000)
  to   space 3456K,   0% used [0x25920000, 0x25920000, 0x25c80000)
 tenured generation   total 70032K, used 42017K [0x28f90000, 0x2d3f4000, 0x33a40000)
   the space 70032K,  59% used [0x28f90000, 0x2b898778, 0x2b898800, 0x2d3f4000)
 compacting perm gen  total 12288K, used 924K [0x33a40000, 0x34640000, 0x37a40000)
   the space 12288K,   7% used [0x33a40000, 0x33b271d0, 0x33b27200, 0x34640000)
    ro space 10240K,  44% used [0x37a40000, 0x37eb7e30, 0x37eb8000, 0x38440000)
    rw space 12288K,  52% used [0x38440000, 0x38a8eb58, 0x38a8ec00, 0x39040000)
Event: 3.489 GC heap after
Heap after GC invocations=14 (full 3):
 def new generation   total 31616K, used 2182K [0x23a40000, 0x25c80000, 0x28f90000)
  eden space 28160K,   0% used [0x23a40000, 0x23a40000, 0x255c0000)
  from space 3456K,  63% used [0x25920000, 0x25b41918, 0x25c80000)
  to   space 3456K,   0% used [0x255c0000, 0x255c0000, 0x25920000)
 tenured generation   total 70032K, used 52831K [0x28f90000, 0x2d3f4000, 0x33a40000)
   the space 70032K,  75% used [0x28f90000, 0x2c327e78, 0x2c328000, 0x2d3f4000)
 compacting perm gen  total 12288K, used 924K [0x33a40000, 0x34640000, 0x37a40000)
   the space 12288K,   7% used [0x33a40000, 0x33b271d0, 0x33b27200, 0x34640000)
    ro space 10240K,  44% used [0x37a40000, 0x37eb7e30, 0x37eb8000, 0x38440000)
    rw space 12288K,  52% used [0x38440000, 0x38a8eb58, 0x38a8ec00, 0x39040000)
}
Event: 3.642 GC heap before
{Heap before GC invocations=14 (full 3):
 def new generation   total 31616K, used 28440K [0x23a40000, 0x25c80000, 0x28f90000)
  eden space 28160K,  93% used [0x23a40000, 0x253e49d0, 0x255c0000)
  from space 3456K,  63% used [0x25920000, 0x25b41918, 0x25c80000)
  to   space 3456K,   0% used [0x255c0000, 0x255c0000, 0x25920000)
 tenured generation   total 70032K, used 52831K [0x28f90000, 0x2d3f4000, 0x33a40000)
   the space 70032K,  75% used [0x28f90000, 0x2c327e78, 0x2c328000, 0x2d3f4000)
 compacting perm gen  total 12288K, used 924K [0x33a40000, 0x34640000, 0x37a40000)
   the space 12288K,   7% used [0x33a40000, 0x33b271d0, 0x33b27200, 0x34640000)
    ro space 10240K,  44% used [0x37a40000, 0x37eb7e30, 0x37eb8000, 0x38440000)
    rw space 12288K,  52% used [0x38440000, 0x38a8eb58, 0x38a8ec00, 0x39040000)
Event: 3.654 GC heap after
Heap after GC invocations=15 (full 3):
 def new generation   total 31616K, used 2181K [0x23a40000, 0x25c80000, 0x28f90000)
  eden space 28160K,   0% used [0x23a40000, 0x23a40000, 0x255c0000)
  from space 3456K,  63% used [0x255c0000, 0x257e17c0, 0x25920000)
  to   space 3456K,   0% used [0x25920000, 0x25920000, 0x25c80000)
 tenured generation   total 70032K, used 65813K [0x28f90000, 0x2d3f4000, 0x33a40000)
   the space 70032K,  93% used [0x28f90000, 0x2cfd5798, 0x2cfd5800, 0x2d3f4000)
 compacting perm gen  total 12288K, used 924K [0x33a40000, 0x34640000, 0x37a40000)
   the space 12288K,   7% used [0x33a40000, 0x33b271d0, 0x33b27200, 0x34640000)
    ro space 10240K,  44% used [0x37a40000, 0x37eb7e30, 0x37eb8000, 0x38440000)
    rw space 12288K,  52% used [0x38440000, 0x38a8eb58, 0x38a8ec00, 0x39040000)
}
Event: 3.812 GC heap before
{Heap before GC invocations=15 (full 3):
 def new generation   total 31616K, used 28468K [0x23a40000, 0x25c80000, 0x28f90000)
  eden space 28160K,  93% used [0x23a40000, 0x253eba40, 0x255c0000)
  from space 3456K,  63% used [0x255c0000, 0x257e17c0, 0x25920000)
  to   space 3456K,   0% used [0x25920000, 0x25920000, 0x25c80000)
 tenured generation   total 70032K, used 65813K [0x28f90000, 0x2d3f4000, 0x33a40000)
   the space 70032K,  93% used [0x28f90000, 0x2cfd5798, 0x2cfd5800, 0x2d3f4000)
 compacting perm gen  total 12288K, used 924K [0x33a40000, 0x34640000, 0x37a40000)
   the space 12288K,   7% used [0x33a40000, 0x33b271d0, 0x33b27200, 0x34640000)
    ro space 10240K,  44% used [0x37a40000, 0x37eb7e30, 0x37eb8000, 0x38440000)
    rw space 12288K,  52% used [0x38440000, 0x38a8eb58, 0x38a8ec00, 0x39040000)
Event: 3.865 GC heap after
Heap after GC invocations=16 (full 4):
 def new generation   total 59136K, used 2164K [0x23a40000, 0x27a60000, 0x28f90000)
  eden space 52608K,   4% used [0x23a40000, 0x23c5d3c0, 0x26da0000)
  from space 6528K,   0% used [0x26da0000, 0x26da0000, 0x27400000)
  to   space 6528K,   0% used [0x27400000, 0x27400000, 0x27a60000)
 tenured generation   total 131260K, used 78753K [0x28f90000, 0x30fbf000, 0x33a40000)
   the space 131260K,  59% used [0x28f90000, 0x2dc78710, 0x2dc78800, 0x30fbf000)
 compacting perm gen  total 12288K, used 924K [0x33a40000, 0x34640000, 0x37a40000)
   the space 12288K,   7% used [0x33a40000, 0x33b27090, 0x33b27200, 0x34640000)
    ro space 10240K,  44% used [0x37a40000, 0x37eb7e30, 0x37eb8000, 0x38440000)
    rw space 12288K,  52% used [0x38440000, 0x38a8eb58, 0x38a8ec00, 0x39040000)
}
Event: 10.413 GC heap before
{Heap before GC invocations=16 (full 4):
 def new generation   total 59136K, used 52608K [0x23a40000, 0x27a60000, 0x28f90000)
  eden space 52608K, 100% used [0x23a40000, 0x26da0000, 0x26da0000)
  from space 6528K,   0% used [0x26da0000, 0x26da0000, 0x27400000)
  to   space 6528K,   0% used [0x27400000, 0x27400000, 0x27a60000)
 tenured generation   total 131260K, used 78753K [0x28f90000, 0x30fbf000, 0x33a40000)
   the space 131260K,  59% used [0x28f90000, 0x2dc78710, 0x2dc78800, 0x30fbf000)
 compacting perm gen  total 12288K, used 2021K [0x33a40000, 0x34640000, 0x37a40000)
   the space 12288K,  16% used [0x33a40000, 0x33c39528, 0x33c39600, 0x34640000)
    ro space 10240K,  44% used [0x37a40000, 0x37eb7e30, 0x37eb8000, 0x38440000)
    rw space 12288K,  52% used [0x38440000, 0x38a8eb58, 0x38a8ec00, 0x39040000)
Event: 10.440 GC heap after
Heap after GC invocations=17 (full 4):
 def new generation   total 59136K, used 6064K [0x23a40000, 0x27a60000, 0x28f90000)
  eden space 52608K,   0% used [0x23a40000, 0x23a40000, 0x26da0000)
  from space 6528K,  92% used [0x27400000, 0x279ec2b0, 0x27a60000)
  to   space 6528K,   0% used [0x26da0000, 0x26da0000, 0x27400000)
 tenured generation   total 131260K, used 93843K [0x28f90000, 0x30fbf000, 0x33a40000)
   the space 131260K,  71% used [0x28f90000, 0x2eb34e60, 0x2eb35000, 0x30fbf000)
 compacting perm gen  total 12288K, used 2021K [0x33a40000, 0x34640000, 0x37a40000)
   the space 12288K,  16% used [0x33a40000, 0x33c39528, 0x33c39600, 0x34640000)
    ro space 10240K,  44% used [0x37a40000, 0x37eb7e30, 0x37eb8000, 0x38440000)
    rw space 12288K,  52% used [0x38440000, 0x38a8eb58, 0x38a8ec00, 0x39040000)
}
Event: 11.154 GC heap before
{Heap before GC invocations=17 (full 4):
 def new generation   total 59136K, used 11269K [0x23a40000, 0x27a60000, 0x28f90000)
  eden space 52608K,   9% used [0x23a40000, 0x23f55530, 0x26da0000)
  from space 6528K,  92% used [0x27400000, 0x279ec2b0, 0x27a60000)
  to   space 6528K,   0% used [0x26da0000, 0x26da0000, 0x27400000)
 tenured generation   total 131260K, used 93843K [0x28f90000, 0x30fbf000, 0x33a40000)
   the space 131260K,  71% used [0x28f90000, 0x2eb34e60, 0x2eb35000, 0x30fbf000)
 compacting perm gen  total 12288K, used 2022K [0x33a40000, 0x34640000, 0x37a40000)
   the space 12288K,  16% used [0x33a40000, 0x33c39a60, 0x33c39c00, 0x34640000)
    ro space 10240K,  44% used [0x37a40000, 0x37eb7e30, 0x37eb8000, 0x38440000)
    rw space 12288K,  52% used [0x38440000, 0x38a8eb58, 0x38a8ec00, 0x39040000)
Event: 11.193 GC heap after
Heap after GC invocations=18 (full 5):
 def new generation   total 74816K, used 0K [0x23a40000, 0x28b60000, 0x28f90000)
  eden space 66560K,   0% used [0x23a40000, 0x23a40000, 0x27b40000)
  from space 8256K,   0% used [0x27b40000, 0x27b40000, 0x28350000)
  to   space 8256K,   0% used [0x28350000, 0x28350000, 0x28b60000)
 tenured generation   total 165916K, used 99547K [0x28f90000, 0x33197000, 0x33a40000)
   the space 165916K,  59% used [0x28f90000, 0x2f0c6ed8, 0x2f0c7000, 0x33197000)
 compacting perm gen  total 12288K, used 2022K [0x33a40000, 0x34640000, 0x37a40000)
   the space 12288K,  16% used [0x33a40000, 0x33c39a60, 0x33c39c00, 0x34640000)
    ro space 10240K,  44% used [0x37a40000, 0x37eb7e30, 0x37eb8000, 0x38440000)
    rw space 12288K,  52% used [0x38440000, 0x38a8eb58, 0x38a8ec00, 0x39040000)
}

