# JRE version: Java(TM) SE Runtime Environment (7.0_51-b13) (build 1.7.0_51-b13)
# Java VM: Java HotSpot(TM) Client VM (24.51-b03 mixed mode, sharing windows-x86 )
Heap
 def new generation   total 75584K, used 1252K [0x23a40000, 0x28c40000, 0x28f90000)
  eden space 67200K,   1% used [0x23a40000, 0x23b79200, 0x27be0000)
  from space 8384K,   0% used [0x27be0000, 0x27be0000, 0x28410000)
  to   space 8384K,   0% used [0x28410000, 0x28410000, 0x28c40000)
 tenured generation   total 167692K, used 100065K [0x28f90000, 0x33353000, 0x33a40000)
   the space 167692K,  59% used [0x28f90000, 0x2f1485e8, 0x2f148600, 0x33353000)
 compacting perm gen  total 12288K, used 2024K [0x33a40000, 0x34640000, 0x37a40000)
   the space 12288K,  16% used [0x33a40000, 0x33c3a3e0, 0x33c3a400, 0x34640000)
    ro space 10240K,  44% used [0x37a40000, 0x37eb7e30, 0x37eb8000, 0x38440000)
    rw space 12288K,  52% used [0x38440000, 0x38a8eb58, 0x38a8ec00, 0x39040000)
GC Heap History (10 events):
Event: 18.216 GC heap before
{Heap before GC invocations=20 (full 7):
 def new generation   total 75072K, used 4151K [0x23a40000, 0x28bb0000, 0x28f90000)
  eden space 66752K,   6% used [0x23a40000, 0x23e4dd38, 0x27b70000)
  from space 8320K,   0% used [0x27b70000, 0x27b70000, 0x28390000)
  to   space 8320K,   0% used [0x28390000, 0x28390000, 0x28bb0000)
 tenured generation   total 166672K, used 100003K [0x28f90000, 0x33254000, 0x33a40000)
   the space 166672K,  59% used [0x28f90000, 0x2f138c60, 0x2f138e00, 0x33254000)
 compacting perm gen  total 12288K, used 2023K [0x33a40000, 0x34640000, 0x37a40000)
   the space 12288K,  16% used [0x33a40000, 0x33c39ef0, 0x33c3a000, 0x34640000)
    ro space 10240K,  44% used [0x37a40000, 0x37eb7e30, 0x37eb8000, 0x38440000)
    rw space 12288K,  52% used [0x38440000, 0x38a8eb58, 0x38a8ec00, 0x39040000)
Event: 18.277 GC heap after
Heap after GC invocations=21 (full 8):
 def new generation   total 75136K, used 0K [0x23a40000, 0x28bc0000, 0x28f90000)
  eden space 66816K,   0% used [0x23a40000, 0x23a40000, 0x27b80000)
  from space 8320K,   0% used [0x27b80000, 0x27b80000, 0x283a0000)
  to   space 8320K,   0% used [0x283a0000, 0x283a0000, 0x28bc0000)
 tenured generation   total 166672K, used 99932K [0x28f90000, 0x33254000, 0x33a40000)
   the space 166672K,  59% used [0x28f90000, 0x2f127340, 0x2f127400, 0x33254000)
 compacting perm gen  total 12288K, used 2022K [0x33a40000, 0x34640000, 0x37a40000)
   the space 12288K,  16% used [0x33a40000, 0x33c39ad8, 0x33c39c00, 0x34640000)
    ro space 10240K,  44% used [0x37a40000, 0x37eb7e30, 0x37eb8000, 0x38440000)
    rw space 12288K,  52% used [0x38440000, 0x38a8eb58, 0x38a8ec00, 0x39040000)
}
Event: 19.060 GC heap before
{Heap before GC invocations=21 (full 8):
 def new generation   total 75136K, used 1293K [0x23a40000, 0x28bc0000, 0x28f90000)
  eden space 66816K,   1% used [0x23a40000, 0x23b83678, 0x27b80000)
  from space 8320K,   0% used [0x27b80000, 0x27b80000, 0x283a0000)
  to   space 8320K,   0% used [0x283a0000, 0x283a0000, 0x28bc0000)
 tenured generation   total 166672K, used 99932K [0x28f90000, 0x33254000, 0x33a40000)
   the space 166672K,  59% used [0x28f90000, 0x2f127340, 0x2f127400, 0x33254000)
 compacting perm gen  total 12288K, used 2022K [0x33a40000, 0x34640000, 0x37a40000)
   the space 12288K,  16% used [0x33a40000, 0x33c39ad8, 0x33c39c00, 0x34640000)
    ro space 10240K,  44% used [0x37a40000, 0x37eb7e30, 0x37eb8000, 0x38440000)
    rw space 12288K,  52% used [0x38440000, 0x38a8eb58, 0x38a8ec00, 0x39040000)
Event: 19.095 GC heap after
Heap after GC invocations=22 (full 9):
 def new generation   total 75072K, used 0K [0x23a40000, 0x28bb0000, 0x28f90000)
  eden space 66752K,   0% used [0x23a40000, 0x23a40000, 0x27b70000)
  from space 8320K,   0% used [0x27b70000, 0x27b70000, 0x28390000)
  to   space 8320K,   0% used [0x28390000, 0x28390000, 0x28bb0000)
 tenured generation   total 166672K, used 99946K [0x28f90000, 0x33254000, 0x33a40000)
   the space 166672K,  59% used [0x28f90000, 0x2f12aa98, 0x2f12ac00, 0x33254000)
 compacting perm gen  total 12288K, used 2022K [0x33a40000, 0x34640000, 0x37a40000)
   the space 12288K,  16% used [0x33a40000, 0x33c39ad8, 0x33c39c00, 0x34640000)
    ro space 10240K,  44% used [0x37a40000, 0x37eb7e30, 0x37eb8000, 0x38440000)
    rw space 12288K,  52% used [0x38440000, 0x38a8eb58, 0x38a8ec00, 0x39040000)
}
Event: 20.105 GC heap before
{Heap before GC invocations=22 (full 9):
 def new generation   total 75072K, used 13056K [0x23a40000, 0x28bb0000, 0x28f90000)
  eden space 66752K,  19% used [0x23a40000, 0x24700168, 0x27b70000)
  from space 8320K,   0% used [0x27b70000, 0x27b70000, 0x28390000)
  to   space 8320K,   0% used [0x28390000, 0x28390000, 0x28bb0000)
 tenured generation   total 166672K, used 99946K [0x28f90000, 0x33254000, 0x33a40000)
   the space 166672K,  59% used [0x28f90000, 0x2f12aa98, 0x2f12ac00, 0x33254000)
 compacting perm gen  total 12288K, used 2024K [0x33a40000, 0x34640000, 0x37a40000)
   the space 12288K,  16% used [0x33a40000, 0x33c3a3d0, 0x33c3a400, 0x34640000)
    ro space 10240K,  44% used [0x37a40000, 0x37eb7e30, 0x37eb8000, 0x38440000)
    rw space 12288K,  52% used [0x38440000, 0x38a8eb58, 0x38a8ec00, 0x39040000)
Event: 20.140 GC heap after
Heap after GC invocations=23 (full 10):
 def new generation   total 75584K, used 0K [0x23a40000, 0x28c40000, 0x28f90000)
  eden space 67200K,   0% used [0x23a40000, 0x23a40000, 0x27be0000)
  from space 8384K,   0% used [0x27be0000, 0x27be0000, 0x28410000)
  to   space 8384K,   0% used [0x28410000, 0x28410000, 0x28c40000)
 tenured generation   total 167692K, used 100615K [0x28f90000, 0x33353000, 0x33a40000)
   the space 167692K,  59% used [0x28f90000, 0x2f1d1c10, 0x2f1d1e00, 0x33353000)
 compacting perm gen  total 12288K, used 2024K [0x33a40000, 0x34640000, 0x37a40000)
   the space 12288K,  16% used [0x33a40000, 0x33c3a3d0, 0x33c3a400, 0x34640000)
    ro space 10240K,  44% used [0x37a40000, 0x37eb7e30, 0x37eb8000, 0x38440000)
    rw space 12288K,  52% used [0x38440000, 0x38a8eb58, 0x38a8ec00, 0x39040000)
}
Event: 20.239 GC heap before
{Heap before GC invocations=23 (full 10):
 def new generation   total 75584K, used 784K [0x23a40000, 0x28c40000, 0x28f90000)
  eden space 67200K,   1% used [0x23a40000, 0x23b042d8, 0x27be0000)
  from space 8384K,   0% used [0x27be0000, 0x27be0000, 0x28410000)
  to   space 8384K,   0% used [0x28410000, 0x28410000, 0x28c40000)
 tenured generation   total 167692K, used 100615K [0x28f90000, 0x33353000, 0x33a40000)
   the space 167692K,  59% used [0x28f90000, 0x2f1d1c10, 0x2f1d1e00, 0x33353000)
 compacting perm gen  total 12288K, used 2024K [0x33a40000, 0x34640000, 0x37a40000)
   the space 12288K,  16% used [0x33a40000, 0x33c3a3d0, 0x33c3a400, 0x34640000)
    ro space 10240K,  44% used [0x37a40000, 0x37eb7e30, 0x37eb8000, 0x38440000)
    rw space 12288K,  52% used [0x38440000, 0x38a8eb58, 0x38a8ec00, 0x39040000)
Event: 20.271 GC heap after
Heap after GC invocations=24 (full 11):
 def new generation   total 75584K, used 0K [0x23a40000, 0x28c40000, 0x28f90000)
  eden space 67200K,   0% used [0x23a40000, 0x23a40000, 0x27be0000)
  from space 8384K,   0% used [0x27be0000, 0x27be0000, 0x28410000)
  to   space 8384K,   0% used [0x28410000, 0x28410000, 0x28c40000)
 tenured generation   total 167692K, used 100616K [0x28f90000, 0x33353000, 0x33a40000)
   the space 167692K,  60% used [0x28f90000, 0x2f1d2138, 0x2f1d2200, 0x33353000)
 compacting perm gen  total 12288K, used 2024K [0x33a40000, 0x34640000, 0x37a40000)
   the space 12288K,  16% used [0x33a40000, 0x33c3a3d0, 0x33c3a400, 0x34640000)
    ro space 10240K,  44% used [0x37a40000, 0x37eb7e30, 0x37eb8000, 0x38440000)
    rw space 12288K,  52% used [0x38440000, 0x38a8eb58, 0x38a8ec00, 0x39040000)
}
Event: 20.322 GC heap before
{Heap before GC invocations=24 (full 11):
 def new generation   total 75584K, used 1479K [0x23a40000, 0x28c40000, 0x28f90000)
  eden space 67200K,   2% used [0x23a40000, 0x23bb1e98, 0x27be0000)
  from space 8384K,   0% used [0x27be0000, 0x27be0000, 0x28410000)
  to   space 8384K,   0% used [0x28410000, 0x28410000, 0x28c40000)
 tenured generation   total 167692K, used 100616K [0x28f90000, 0x33353000, 0x33a40000)
   the space 167692K,  60% used [0x28f90000, 0x2f1d2138, 0x2f1d2200, 0x33353000)
 compacting perm gen  total 12288K, used 2024K [0x33a40000, 0x34640000, 0x37a40000)
   the space 12288K,  16% used [0x33a40000, 0x33c3a3d0, 0x33c3a400, 0x34640000)
    ro space 10240K,  44% used [0x37a40000, 0x37eb7e30, 0x37eb8000, 0x38440000)
    rw space 12288K,  52% used [0x38440000, 0x38a8eb58, 0x38a8ec00, 0x39040000)
Event: 20.358 GC heap after
Heap after GC invocations=25 (full 12):
 def new generation   total 75584K, used 0K [0x23a40000, 0x28c40000, 0x28f90000)
  eden space 67200K,   0% used [0x23a40000, 0x23a40000, 0x27be0000)
  from space 8384K,   0% used [0x27be0000, 0x27be0000, 0x28410000)
  to   space 8384K,   0% used [0x28410000, 0x28410000, 0x28c40000)
 tenured generation   total 167692K, used 100065K [0x28f90000, 0x33353000, 0x33a40000)
   the space 167692K,  59% used [0x28f90000, 0x2f1485e8, 0x2f148600, 0x33353000)
 compacting perm gen  total 12288K, used 2024K [0x33a40000, 0x34640000, 0x37a40000)
   the space 12288K,  16% used [0x33a40000, 0x33c3a3d0, 0x33c3a400, 0x34640000)
    ro space 10240K,  44% used [0x37a40000, 0x37eb7e30, 0x37eb8000, 0x38440000)
    rw space 12288K,  52% used [0x38440000, 0x38a8eb58, 0x38a8ec00, 0x39040000)
}

