# JRE version: Java(TM) SE Runtime Environment (7.0_51-b13) (build 1.7.0_51-b13)
# Java VM: Java HotSpot(TM) Client VM (24.51-b03 mixed mode, sharing windows-x86 )
Heap
 def new generation   total 74944K, used 853K [0x23a40000, 0x28b90000, 0x28f90000)
  eden space 66624K,   1% used [0x23a40000, 0x23b15510, 0x27b50000)
  from space 8320K,   0% used [0x27b50000, 0x27b50000, 0x28370000)
  to   space 8320K,   0% used [0x28370000, 0x28370000, 0x28b90000)
 tenured generation   total 166396K, used 99836K [0x28f90000, 0x3320f000, 0x33a40000)
   the space 166396K,  59% used [0x28f90000, 0x2f10f040, 0x2f10f200, 0x3320f000)
 compacting perm gen  total 12288K, used 2024K [0x33a40000, 0x34640000, 0x37a40000)
   the space 12288K,  16% used [0x33a40000, 0x33c3a3c0, 0x33c3a400, 0x34640000)
    ro space 10240K,  44% used [0x37a40000, 0x37eb7e30, 0x37eb8000, 0x38440000)
    rw space 12288K,  52% used [0x38440000, 0x38a8eb58, 0x38a8ec00, 0x39040000)
GC Heap History (10 events):
Event: 9.911 GC heap before
{Heap before GC invocations=17 (full 4):
 def new generation   total 59136K, used 11532K [0x23a40000, 0x27a60000, 0x28f90000)
  eden space 52608K,  10% used [0x23a40000, 0x23f905d0, 0x26da0000)
  from space 6528K,  93% used [0x27400000, 0x279f2aa0, 0x27a60000)
  to   space 6528K,   0% used [0x26da0000, 0x26da0000, 0x27400000)
 tenured generation   total 131256K, used 93843K [0x28f90000, 0x30fbe000, 0x33a40000)
   the space 131256K,  71% used [0x28f90000, 0x2eb34d98, 0x2eb34e00, 0x30fbe000)
 compacting perm gen  total 12288K, used 2022K [0x33a40000, 0x34640000, 0x37a40000)
   the space 12288K,  16% used [0x33a40000, 0x33c39a60, 0x33c39c00, 0x34640000)
    ro space 10240K,  44% used [0x37a40000, 0x37eb7e30, 0x37eb8000, 0x38440000)
    rw space 12288K,  52% used [0x38440000, 0x38a8eb58, 0x38a8ec00, 0x39040000)
Event: 9.950 GC heap after
Heap after GC invocations=18 (full 5):
 def new generation   total 74688K, used 0K [0x23a40000, 0x28b40000, 0x28f90000)
  eden space 66432K,   0% used [0x23a40000, 0x23a40000, 0x27b20000)
  from space 8256K,   0% used [0x27b20000, 0x27b20000, 0x28330000)
  to   space 8256K,   0% used [0x28330000, 0x28330000, 0x28b40000)
 tenured generation   total 165760K, used 99454K [0x28f90000, 0x33170000, 0x33a40000)
   the space 165760K,  59% used [0x28f90000, 0x2f0af958, 0x2f0afa00, 0x33170000)
 compacting perm gen  total 12288K, used 2022K [0x33a40000, 0x34640000, 0x37a40000)
   the space 12288K,  16% used [0x33a40000, 0x33c39a60, 0x33c39c00, 0x34640000)
    ro space 10240K,  44% used [0x37a40000, 0x37eb7e30, 0x37eb8000, 0x38440000)
    rw space 12288K,  52% used [0x38440000, 0x38a8eb58, 0x38a8ec00, 0x39040000)
}
Event: 10.467 GC heap before
{Heap before GC invocations=18 (full 5):
 def new generation   total 74688K, used 3904K [0x23a40000, 0x28b40000, 0x28f90000)
  eden space 66432K,   5% used [0x23a40000, 0x23e10118, 0x27b20000)
  from space 8256K,   0% used [0x27b20000, 0x27b20000, 0x28330000)
  to   space 8256K,   0% used [0x28330000, 0x28330000, 0x28b40000)
 tenured generation   total 165760K, used 99454K [0x28f90000, 0x33170000, 0x33a40000)
   the space 165760K,  59% used [0x28f90000, 0x2f0af958, 0x2f0afa00, 0x33170000)
 compacting perm gen  total 12288K, used 2023K [0x33a40000, 0x34640000, 0x37a40000)
   the space 12288K,  16% used [0x33a40000, 0x33c39ed0, 0x33c3a000, 0x34640000)
    ro space 10240K,  44% used [0x37a40000, 0x37eb7e30, 0x37eb8000, 0x38440000)
    rw space 12288K,  52% used [0x38440000, 0x38a8eb58, 0x38a8ec00, 0x39040000)
Event: 10.501 GC heap after
Heap after GC invocations=19 (full 6):
 def new generation   total 74816K, used 0K [0x23a40000, 0x28b60000, 0x28f90000)
  eden space 66560K,   0% used [0x23a40000, 0x23a40000, 0x27b40000)
  from space 8256K,   0% used [0x27b40000, 0x27b40000, 0x28350000)
  to   space 8256K,   0% used [0x28350000, 0x28350000, 0x28b60000)
 tenured generation   total 165988K, used 99592K [0x28f90000, 0x331a9000, 0x33a40000)
   the space 165988K,  59% used [0x28f90000, 0x2f0d22e8, 0x2f0d2400, 0x331a9000)
 compacting perm gen  total 12288K, used 2023K [0x33a40000, 0x34640000, 0x37a40000)
   the space 12288K,  16% used [0x33a40000, 0x33c39ed0, 0x33c3a000, 0x34640000)
    ro space 10240K,  44% used [0x37a40000, 0x37eb7e30, 0x37eb8000, 0x38440000)
    rw space 12288K,  52% used [0x38440000, 0x38a8eb58, 0x38a8ec00, 0x39040000)
}
Event: 10.961 GC heap before
{Heap before GC invocations=19 (full 6):
 def new generation   total 74816K, used 3653K [0x23a40000, 0x28b60000, 0x28f90000)
  eden space 66560K,   5% used [0x23a40000, 0x23dd1490, 0x27b40000)
  from space 8256K,   0% used [0x27b40000, 0x27b40000, 0x28350000)
  to   space 8256K,   0% used [0x28350000, 0x28350000, 0x28b60000)
 tenured generation   total 165988K, used 99592K [0x28f90000, 0x331a9000, 0x33a40000)
   the space 165988K,  59% used [0x28f90000, 0x2f0d22e8, 0x2f0d2400, 0x331a9000)
 compacting perm gen  total 12288K, used 2023K [0x33a40000, 0x34640000, 0x37a40000)
   the space 12288K,  16% used [0x33a40000, 0x33c39ed0, 0x33c3a000, 0x34640000)
    ro space 10240K,  44% used [0x37a40000, 0x37eb7e30, 0x37eb8000, 0x38440000)
    rw space 12288K,  52% used [0x38440000, 0x38a8eb58, 0x38a8ec00, 0x39040000)
Event: 10.993 GC heap after
Heap after GC invocations=20 (full 7):
 def new generation   total 74880K, used 0K [0x23a40000, 0x28b80000, 0x28f90000)
  eden space 66560K,   0% used [0x23a40000, 0x23a40000, 0x27b40000)
  from space 8320K,   0% used [0x27b40000, 0x27b40000, 0x28360000)
  to   space 8320K,   0% used [0x28360000, 0x28360000, 0x28b80000)
 tenured generation   total 166212K, used 99726K [0x28f90000, 0x331e1000, 0x33a40000)
   the space 166212K,  59% used [0x28f90000, 0x2f0f38e8, 0x2f0f3a00, 0x331e1000)
 compacting perm gen  total 12288K, used 2023K [0x33a40000, 0x34640000, 0x37a40000)
   the space 12288K,  16% used [0x33a40000, 0x33c39ed0, 0x33c3a000, 0x34640000)
    ro space 10240K,  44% used [0x37a40000, 0x37eb7e30, 0x37eb8000, 0x38440000)
    rw space 12288K,  52% used [0x38440000, 0x38a8eb58, 0x38a8ec00, 0x39040000)
}
Event: 11.384 GC heap before
{Heap before GC invocations=20 (full 7):
 def new generation   total 74880K, used 3593K [0x23a40000, 0x28b80000, 0x28f90000)
  eden space 66560K,   5% used [0x23a40000, 0x23dc24e0, 0x27b40000)
  from space 8320K,   0% used [0x27b40000, 0x27b40000, 0x28360000)
  to   space 8320K,   0% used [0x28360000, 0x28360000, 0x28b80000)
 tenured generation   total 166212K, used 99726K [0x28f90000, 0x331e1000, 0x33a40000)
   the space 166212K,  59% used [0x28f90000, 0x2f0f38e8, 0x2f0f3a00, 0x331e1000)
 compacting perm gen  total 12288K, used 2023K [0x33a40000, 0x34640000, 0x37a40000)
   the space 12288K,  16% used [0x33a40000, 0x33c39ed0, 0x33c3a000, 0x34640000)
    ro space 10240K,  44% used [0x37a40000, 0x37eb7e30, 0x37eb8000, 0x38440000)
    rw space 12288K,  52% used [0x38440000, 0x38a8eb58, 0x38a8ec00, 0x39040000)
Event: 11.446 GC heap after
Heap after GC invocations=21 (full 8):
 def new generation   total 74880K, used 0K [0x23a40000, 0x28b80000, 0x28f90000)
  eden space 66560K,   0% used [0x23a40000, 0x23a40000, 0x27b40000)
  from space 8320K,   0% used [0x27b40000, 0x27b40000, 0x28360000)
  to   space 8320K,   0% used [0x28360000, 0x28360000, 0x28b80000)
 tenured generation   total 166212K, used 99564K [0x28f90000, 0x331e1000, 0x33a40000)
   the space 166212K,  59% used [0x28f90000, 0x2f0cb350, 0x2f0cb400, 0x331e1000)
 compacting perm gen  total 12288K, used 2022K [0x33a40000, 0x34640000, 0x37a40000)
   the space 12288K,  16% used [0x33a40000, 0x33c39ad8, 0x33c39c00, 0x34640000)
    ro space 10240K,  44% used [0x37a40000, 0x37eb7e30, 0x37eb8000, 0x38440000)
    rw space 12288K,  52% used [0x38440000, 0x38a8eb58, 0x38a8ec00, 0x39040000)
}
Event: 11.936 GC heap before
{Heap before GC invocations=21 (full 8):
 def new generation   total 74880K, used 3624K [0x23a40000, 0x28b80000, 0x28f90000)
  eden space 66560K,   5% used [0x23a40000, 0x23dca330, 0x27b40000)
  from space 8320K,   0% used [0x27b40000, 0x27b40000, 0x28360000)
  to   space 8320K,   0% used [0x28360000, 0x28360000, 0x28b80000)
 tenured generation   total 166212K, used 99564K [0x28f90000, 0x331e1000, 0x33a40000)
   the space 166212K,  59% used [0x28f90000, 0x2f0cb350, 0x2f0cb400, 0x331e1000)
 compacting perm gen  total 12288K, used 2022K [0x33a40000, 0x34640000, 0x37a40000)
   the space 12288K,  16% used [0x33a40000, 0x33c39ad8, 0x33c39c00, 0x34640000)
    ro space 10240K,  44% used [0x37a40000, 0x37eb7e30, 0x37eb8000, 0x38440000)
    rw space 12288K,  52% used [0x38440000, 0x38a8eb58, 0x38a8ec00, 0x39040000)
Event: 11.969 GC heap after
Heap after GC invocations=22 (full 9):
 def new generation   total 74880K, used 0K [0x23a40000, 0x28b80000, 0x28f90000)
  eden space 66560K,   0% used [0x23a40000, 0x23a40000, 0x27b40000)
  from space 8320K,   0% used [0x27b40000, 0x27b40000, 0x28360000)
  to   space 8320K,   0% used [0x28360000, 0x28360000, 0x28b80000)
 tenured generation   total 166212K, used 99700K [0x28f90000, 0x331e1000, 0x33a40000)
   the space 166212K,  59% used [0x28f90000, 0x2f0ed160, 0x2f0ed200, 0x331e1000)
 compacting perm gen  total 12288K, used 2022K [0x33a40000, 0x34640000, 0x37a40000)
   the space 12288K,  16% used [0x33a40000, 0x33c39ad8, 0x33c39c00, 0x34640000)
    ro space 10240K,  44% used [0x37a40000, 0x37eb7e30, 0x37eb8000, 0x38440000)
    rw space 12288K,  52% used [0x38440000, 0x38a8eb58, 0x38a8ec00, 0x39040000)
}

